c:\users\faby\documents\githubvisualstudio\cpp_r-type\r-type\debug\vc140.pdb
c:\users\faby\documents\githubvisualstudio\cpp_r-type\r-type\debug\vc140.idb
c:\users\faby\documents\githubvisualstudio\cpp_r-type\r-type\debug\geometry.obj
c:\users\faby\documents\githubvisualstudio\cpp_r-type\r-type\debug\quadtree.obj
c:\users\faby\documents\githubvisualstudio\cpp_r-type\r-type\debug\test.obj
c:\users\faby\documents\githubvisualstudio\cpp_r-type\r-type\debug\gameplay.obj
c:\users\faby\documents\githubvisualstudio\cpp_r-type\r-type\debug\main.obj
c:\users\faby\documents\githubvisualstudio\cpp_r-type\r-type\debug\rtypeexception.obj
c:\users\faby\documents\githubvisualstudio\cpp_r-type\r-type\debug\window.obj
c:\users\faby\documents\githubvisualstudio\cpp_r-type\r-type\debug\level.obj
c:\users\faby\documents\githubvisualstudio\cpp_r-type\debug\r-type.ilk
c:\users\faby\documents\githubvisualstudio\cpp_r-type\debug\r-type.exe
c:\users\faby\documents\githubvisualstudio\cpp_r-type\debug\r-type.pdb
c:\users\faby\documents\githubvisualstudio\cpp_r-type\r-type\debug\r-type.tlog\cl.command.1.tlog
c:\users\faby\documents\githubvisualstudio\cpp_r-type\r-type\debug\r-type.tlog\cl.read.1.tlog
c:\users\faby\documents\githubvisualstudio\cpp_r-type\r-type\debug\r-type.tlog\cl.write.1.tlog
c:\users\faby\documents\githubvisualstudio\cpp_r-type\r-type\debug\r-type.tlog\link-cvtres.read.1.tlog
c:\users\faby\documents\githubvisualstudio\cpp_r-type\r-type\debug\r-type.tlog\link-cvtres.write.1.tlog
c:\users\faby\documents\githubvisualstudio\cpp_r-type\r-type\debug\r-type.tlog\link-rc.read.1.tlog
c:\users\faby\documents\githubvisualstudio\cpp_r-type\r-type\debug\r-type.tlog\link-rc.write.1.tlog
c:\users\faby\documents\githubvisualstudio\cpp_r-type\r-type\debug\r-type.tlog\link.command.1.tlog
c:\users\faby\documents\githubvisualstudio\cpp_r-type\r-type\debug\r-type.tlog\link.read.1.tlog
c:\users\faby\documents\githubvisualstudio\cpp_r-type\r-type\debug\r-type.tlog\link.write.1.tlog
